app/build/outputs/logs/manifest-merger-debug-report.txt
-- Merging decision tree log ---
manifest
ADDED from src/main/AndroidManifest.xml:2:1-37:12
	package
		ADDED from src/main/AndroidManifest.xml:3:7-25
		INJECTED from src/main/AndroidManifest.xml
		INJECTED from src/main/AndroidManifest.xml
	android:versionName
		ADDED from src/main/AndroidManifest.xml:5:7-32
		INJECTED from src/main/AndroidManifest.xml
		INJECTED from src/main/AndroidManifest.xml
	android:versionCode
		ADDED from src/main/AndroidManifest.xml:4:7-30
		INJECTED from src/main/AndroidManifest.xml
		INJECTED from src/main/AndroidManifest.xml
	xmlns:android
		ADDED from src/main/AndroidManifest.xml:2:11-69
application
ADDED from src/main/AndroidManifest.xml:7:5-25:19
	android:label
		ADDED from src/main/AndroidManifest.xml:7:51-83
	android:icon
		ADDED from src/main/AndroidManifest.xml:7:18-50
activity#com.mode.SplashUI
ADDED from src/main/AndroidManifest.xml:8:9-14:20
	android:label
		ADDED from src/main/AndroidManifest.xml:9:19-51
	android:name
		ADDED from src/main/AndroidManifest.xml:8:19-43
intent-filter#android.intent.action.MAIN+android.intent.category.LAUNCHER
ADDED from src/main/AndroidManifest.xml:10:13-13:29
action#android.intent.action.MAIN
ADDED from src/main/AndroidManifest.xml:11:17-69
	android:name
		ADDED from src/main/AndroidManifest.xml:11:25-66
category#android.intent.category.LAUNCHER
ADDED from src/main/AndroidManifest.xml:12:17-77
	android:name
		ADDED from src/main/AndroidManifest.xml:12:27-74
activity#com.mode.HowTo
ADDED from src/main/AndroidManifest.xml:15:9-51
	android:name
		ADDED from src/main/AndroidManifest.xml:15:19-39
activity#com.mode.main
ADDED from src/main/AndroidManifest.xml:16:9-99
	android:windowSoftInputMode
		ADDED from src/main/AndroidManifest.xml:16:40-87
	android:name
		ADDED from src/main/AndroidManifest.xml:16:19-38
receiver#com.mode.Broadcast
ADDED from src/main/AndroidManifest.xml:17:10-23:20
	android:name
		ADDED from src/main/AndroidManifest.xml:17:20-45
intent-filter#android.media.RINGER_MODE_CHANGED+android.provider.Telephony.SMS_RECEIVED
ADDED from src/main/AndroidManifest.xml:18:13-22:29
action#android.provider.Telephony.SMS_RECEIVED
ADDED from src/main/AndroidManifest.xml:19:17-82
	android:name
		ADDED from src/main/AndroidManifest.xml:19:25-79
action#android.media.RINGER_MODE_CHANGED
ADDED from src/main/AndroidManifest.xml:20:17-76
	android:name
		ADDED from src/main/AndroidManifest.xml:20:25-73
uses-sdk
ADDED from src/main/AndroidManifest.xml:26:5-43
	android:targetSdkVersion
		INJECTED from src/main/AndroidManifest.xml
		INJECTED from src/main/AndroidManifest.xml
	android:minSdkVersion
		ADDED from src/main/AndroidManifest.xml:26:15-40
		INJECTED from src/main/AndroidManifest.xml
		INJECTED from src/main/AndroidManifest.xml
uses-permission#android.permission.MODIFY_PHONE_STATE
ADDED from src/main/AndroidManifest.xml:27:1-89
	android:name
		ADDED from src/main/AndroidManifest.xml:27:18-70
uses-permission#android.permission.READ_SMS
ADDED from src/main/AndroidManifest.xml:28:1-79
	android:name
		ADDED from src/main/AndroidManifest.xml:28:18-60
uses-permission#android.permission.RECEIVE_SMS
ADDED from src/main/AndroidManifest.xml:29:1-82
	android:name
		ADDED from src/main/AndroidManifest.xml:29:18-63
uses-permission#android.permission.READ_OWNER_DATA
ADDED from src/main/AndroidManifest.xml:30:1-86
	android:name
		ADDED from src/main/AndroidManifest.xml:30:18-67
uses-permission#android.permission.READ_PHONE_STATE
ADDED from src/main/AndroidManifest.xml:31:1-87
	android:name
		ADDED from src/main/AndroidManifest.xml:31:18-68
uses-permission#android.permission.ACCESS_FINE_LOCATION
ADDED from src/main/AndroidManifest.xml:32:5-79
	android:name
		ADDED from src/main/AndroidManifest.xml:32:22-76
uses-permission#android.permission.INTERNET
ADDED from src/main/AndroidManifest.xml:35:5-67
	android:name
		ADDED from src/main/AndroidManifest.xml:35:22-64